<?xml version="1.0" encoding="UTF-8"?>
<!-- Generated by org.testng.reporters.JUnitXMLReporter -->
<testsuite ignored="5" hostname="craca" failures="0" tests="5" name="Default test" time="73.029" errors="0" timestamp="2022-07-05T10:18:51 IST">
  <testcase classname="loginFunctionality.UserSignInFunctionality" name="TeacherLoginPageIncorrectPassword" time="6.474"/>
  <testcase classname="loginFunctionality.UserSignInFunctionality" name="TeacherLoginPageIncorrectPassword" time="6.414"/>
  <testcase classname="loginFunctionality.UserSignInFunctionality" name="TeacherLoginPageIncorrectPassword" time="11.207"/>
  <testcase classname="loginFunctionality.UserSignInFunctionality" name="TeacherLoginPageIncorrectPassword" time="11.264"/>
  <testcase classname="loginFunctionality.UserSignInFunctionality" name="TeacherLoginPageIncorrectPassword" time="11.326"/>
  <testcase classname="loginFunctionality.UserSignInFunctionality" name="TeacherLoginPageCorrectCredentials" time="0.0">
    <ignored/>
  </testcase> <!-- TeacherLoginPageCorrectCredentials -->
  <testcase classname="loginFunctionality.UserSignInFunctionality" name="IncorrectStudentMobileNoCheck" time="0.0">
    <ignored/>
  </testcase> <!-- IncorrectStudentMobileNoCheck -->
  <testcase classname="loginFunctionality.UserSignInFunctionality" name="StudentLoginPageIncorrectPassword" time="0.0">
    <ignored/>
  </testcase> <!-- StudentLoginPageIncorrectPassword -->
  <testcase classname="loginFunctionality.UserSignInFunctionality" name="IncorrectTeacherMobileNoCheck" time="0.0">
    <ignored/>
  </testcase> <!-- IncorrectTeacherMobileNoCheck -->
  <testcase classname="loginFunctionality.UserSignInFunctionality" name="StudentLoginPageCorrectCredentials" time="0.0">
    <ignored/>
  </testcase> <!-- StudentLoginPageCorrectCredentials -->
</testsuite> <!-- Default test -->
